PHPUnit 9.5.4 by Sebastian Bergmann and contributors.

..E.EEEEE.E.E.EE..E..EEEE.......                                  32 / 32 (100%)

Time: 00:01.062, Memory: 22.00 MB

There were 15 errors:

1) Fian\Controller\ControllerDebugTest::testControllerReturnsResponse
Undefined index: REQUEST_SCHEME

C:\Users\Orkanen\dbwebb-kurser\mvc\me\game1\src\functions.php:171
C:\Users\Orkanen\dbwebb-kurser\mvc\me\game1\src\functions.php:150
C:\Users\Orkanen\dbwebb-kurser\mvc\me\game1\src\functions.php:128
C:\Users\Orkanen\dbwebb-kurser\mvc\me\game1\view\header.php:16
C:\Users\Orkanen\dbwebb-kurser\mvc\me\game1\view\layout\debug.php:9
C:\Users\Orkanen\dbwebb-kurser\mvc\me\game1\src\functions.php:49
C:\Users\Orkanen\dbwebb-kurser\mvc\me\game1\src\Controller\Debug.php:20
C:\Users\Orkanen\dbwebb-kurser\mvc\me\game1\test\Controller\ControllerDebugTest.php:33

2) Fian\Controller\ControllerErrorTest::testController404Action
PHPUnit\Framework\Exception: PHP Fatal error:  Uncaught TypeError: rawurldecode() expects parameter 1 to be string, null given in C:\Users\Orkanen\dbwebb-kurser\mvc\me\game1\src\functions.php:181
Stack trace:
#0 C:\Users\Orkanen\dbwebb-kurser\mvc\me\game1\src\functions.php(181): rawurldecode(NULL)
#1 C:\Users\Orkanen\dbwebb-kurser\mvc\me\game1\src\functions.php(150): Fian\Functions\getCurrentUrl()
#2 C:\Users\Orkanen\dbwebb-kurser\mvc\me\game1\src\functions.php(128): Fian\Functions\getBaseUrl()
#3 C:\Users\Orkanen\dbwebb-kurser\mvc\me\game1\view\header.php(16): Fian\Functions\url('/favicon.ico')
#4 C:\Users\Orkanen\dbwebb-kurser\mvc\me\game1\view\layout\debug.php(9): require('C:\\Users\\Orkane...')
#5 C:\cygwin64\tmp\PHP9EBC.tmp(479): require_once('C:\\Users\\Orkane...')
#6 {main}
  thrown in C:\Users\Orkanen\dbwebb-kurser\mvc\me\game1\src\functions.php on line 181

3) Fian\Controller\ControllerErrorTest::testController405Action
PHPUnit\Framework\Exception: PHP Fatal error:  Uncaught TypeError: rawurldecode() expects parameter 1 to be string, null given in C:\Users\Orkanen\dbwebb-kurser\mvc\me\game1\src\functions.php:181
Stack trace:
#0 C:\Users\Orkanen\dbwebb-kurser\mvc\me\game1\src\functions.php(181): rawurldecode(NULL)
#1 C:\Users\Orkanen\dbwebb-kurser\mvc\me\game1\src\functions.php(150): Fian\Functions\getCurrentUrl()
#2 C:\Users\Orkanen\dbwebb-kurser\mvc\me\game1\src\functions.php(128): Fian\Functions\getBaseUrl()
#3 C:\Users\Orkanen\dbwebb-kurser\mvc\me\game1\view\header.php(16): Fian\Functions\url('/favicon.ico')
#4 C:\Users\Orkanen\dbwebb-kurser\mvc\me\game1\view\layout\debug.php(9): require('C:\\Users\\Orkane...')
#5 C:\cygwin64\tmp\PHP9F1C.tmp(479): require_once('C:\\Users\\Orkane...')
#6 {main}
  thrown in C:\Users\Orkanen\dbwebb-kurser\mvc\me\game1\src\functions.php on line 181

4) Fian\Controller\ControllerFormTest::testCreateTheControllerClass
Error: Class 'Fian\Controller\Form' not found

C:\Users\Orkanen\dbwebb-kurser\mvc\me\game1\test\Controller\ControllerFormTest.php:20

5) Fian\Controller\ControllerFormTest::testControllerViewAction
PHPUnit\Framework\Exception: PHP Fatal error:  Uncaught TypeError: rawurldecode() expects parameter 1 to be string, null given in C:\Users\Orkanen\dbwebb-kurser\mvc\me\game1\src\functions.php:181
Stack trace:
#0 C:\Users\Orkanen\dbwebb-kurser\mvc\me\game1\src\functions.php(181): rawurldecode(NULL)
#1 C:\Users\Orkanen\dbwebb-kurser\mvc\me\game1\src\functions.php(150): Fian\Functions\getCurrentUrl()
#2 C:\Users\Orkanen\dbwebb-kurser\mvc\me\game1\src\functions.php(128): Fian\Functions\getBaseUrl()
#3 C:\Users\Orkanen\dbwebb-kurser\mvc\me\game1\view\header.php(16): Fian\Functions\url('/favicon.ico')
#4 C:\Users\Orkanen\dbwebb-kurser\mvc\me\game1\view\layout\debug.php(9): require('C:\\Users\\Orkane...')
#5 C:\cygwin64\tmp\PHP9F8B.tmp(479): require_once('C:\\Users\\Orkane...')
#6 {main}
  thrown in C:\Users\Orkanen\dbwebb-kurser\mvc\me\game1\src\functions.php on line 181

6) Fian\Controller\ControllerFormTest::testControllerProcessAction
PHPUnit\Framework\Exception: PHP Fatal error:  Uncaught TypeError: rawurldecode() expects parameter 1 to be string, null given in C:\Users\Orkanen\dbwebb-kurser\mvc\me\game1\src\functions.php:181
Stack trace:
#0 C:\Users\Orkanen\dbwebb-kurser\mvc\me\game1\src\functions.php(181): rawurldecode(NULL)
#1 C:\Users\Orkanen\dbwebb-kurser\mvc\me\game1\src\functions.php(150): Fian\Functions\getCurrentUrl()
#2 C:\Users\Orkanen\dbwebb-kurser\mvc\me\game1\src\functions.php(128): Fian\Functions\getBaseUrl()
#3 C:\Users\Orkanen\dbwebb-kurser\mvc\me\game1\view\header.php(16): Fian\Functions\url('/favicon.ico')
#4 C:\Users\Orkanen\dbwebb-kurser\mvc\me\game1\view\layout\debug.php(9): require('C:\\Users\\Orkane...')
#5 C:\cygwin64\tmp\PHPA00A.tmp(479): require_once('C:\\Users\\Orkane...')
#6 {main}
  thrown in C:\Users\Orkanen\dbwebb-kurser\mvc\me\game1\src\functions.php on line 181

7) Fian\Controller\ControllerIndexTest::testControllerReturnsResponse
Undefined index: REQUEST_SCHEME

C:\Users\Orkanen\dbwebb-kurser\mvc\me\game1\src\functions.php:171
C:\Users\Orkanen\dbwebb-kurser\mvc\me\game1\src\functions.php:150
C:\Users\Orkanen\dbwebb-kurser\mvc\me\game1\src\functions.php:128
C:\Users\Orkanen\dbwebb-kurser\mvc\me\game1\view\header.php:16
C:\Users\Orkanen\dbwebb-kurser\mvc\me\game1\view\layout\page.php:9
C:\Users\Orkanen\dbwebb-kurser\mvc\me\game1\src\functions.php:49
C:\Users\Orkanen\dbwebb-kurser\mvc\me\game1\src\Controller\Index.php:26
C:\Users\Orkanen\dbwebb-kurser\mvc\me\game1\test\Controller\ControllerIndexTest.php:32

8) Fian\Controller\ControllerSampleTest::testControllerReturnsResponse
Undefined index: REQUEST_SCHEME

C:\Users\Orkanen\dbwebb-kurser\mvc\me\game1\src\functions.php:171
C:\Users\Orkanen\dbwebb-kurser\mvc\me\game1\src\functions.php:150
C:\Users\Orkanen\dbwebb-kurser\mvc\me\game1\src\functions.php:128
C:\Users\Orkanen\dbwebb-kurser\mvc\me\game1\view\header.php:16
C:\Users\Orkanen\dbwebb-kurser\mvc\me\game1\view\layout\page.php:9
C:\Users\Orkanen\dbwebb-kurser\mvc\me\game1\src\functions.php:49
C:\Users\Orkanen\dbwebb-kurser\mvc\me\game1\src\Controller\Sample.php:26
C:\Users\Orkanen\dbwebb-kurser\mvc\me\game1\test\Controller\ControllerSampleTest.php:32

9) Fian\Controller\ControllerSessionTest::testControllerReturnsResponse
PHPUnit\Framework\Exception: PHP Fatal error:  Uncaught TypeError: rawurldecode() expects parameter 1 to be string, null given in C:\Users\Orkanen\dbwebb-kurser\mvc\me\game1\src\functions.php:181
Stack trace:
#0 C:\Users\Orkanen\dbwebb-kurser\mvc\me\game1\src\functions.php(181): rawurldecode(NULL)
#1 C:\Users\Orkanen\dbwebb-kurser\mvc\me\game1\src\functions.php(150): Fian\Functions\getCurrentUrl()
#2 C:\Users\Orkanen\dbwebb-kurser\mvc\me\game1\src\functions.php(128): Fian\Functions\getBaseUrl()
#3 C:\Users\Orkanen\dbwebb-kurser\mvc\me\game1\view\header.php(16): Fian\Functions\url('/favicon.ico')
#4 C:\Users\Orkanen\dbwebb-kurser\mvc\me\game1\view\layout\debug.php(9): require('C:\\Users\\Orkane...')
#5 C:\cygwin64\tmp\PHPA0A9.tmp(479): require_once('C:\\Users\\Orkane...')
#6 {main}
  thrown in C:\Users\Orkanen\dbwebb-kurser\mvc\me\game1\src\functions.php on line 181

10) Fian\Controller\ControllerSessionTest::testDestroySession
PHPUnit\Framework\Exception: PHP Fatal error:  Uncaught TypeError: rawurldecode() expects parameter 1 to be string, null given in C:\Users\Orkanen\dbwebb-kurser\mvc\me\game1\src\functions.php:181
Stack trace:
#0 C:\Users\Orkanen\dbwebb-kurser\mvc\me\game1\src\functions.php(181): rawurldecode(NULL)
#1 C:\Users\Orkanen\dbwebb-kurser\mvc\me\game1\src\functions.php(150): Fian\Functions\getCurrentUrl()
#2 C:\Users\Orkanen\dbwebb-kurser\mvc\me\game1\src\functions.php(128): Fian\Functions\getBaseUrl()
#3 C:\Users\Orkanen\dbwebb-kurser\mvc\me\game1\view\header.php(16): Fian\Functions\url('/favicon.ico')
#4 C:\Users\Orkanen\dbwebb-kurser\mvc\me\game1\view\layout\debug.php(9): require('C:\\Users\\Orkane...')
#5 C:\cygwin64\tmp\PHPA108.tmp(479): require_once('C:\\Users\\Orkane...')
#6 {main}
  thrown in C:\Users\Orkanen\dbwebb-kurser\mvc\me\game1\src\functions.php on line 181

11) Fian\Functions\FunctionsTest::testGetRoutePath
Undefined index: REQUEST_URI

C:\Users\Orkanen\dbwebb-kurser\mvc\me\game1\src\functions.php:27
C:\Users\Orkanen\dbwebb-kurser\mvc\me\game1\test\Function\FunctionsTest.php:23

12) Fian\Functions\FunctionsTest::testUrl
Undefined index: REQUEST_SCHEME

C:\Users\Orkanen\dbwebb-kurser\mvc\me\game1\src\functions.php:171
C:\Users\Orkanen\dbwebb-kurser\mvc\me\game1\src\functions.php:150
C:\Users\Orkanen\dbwebb-kurser\mvc\me\game1\src\functions.php:128
C:\Users\Orkanen\dbwebb-kurser\mvc\me\game1\test\Function\FunctionsTest.php:56

13) Fian\Functions\FunctionsTest::testGetBaseUrl
Undefined index: REQUEST_SCHEME

C:\Users\Orkanen\dbwebb-kurser\mvc\me\game1\src\functions.php:171
C:\Users\Orkanen\dbwebb-kurser\mvc\me\game1\src\functions.php:150
C:\Users\Orkanen\dbwebb-kurser\mvc\me\game1\test\Function\FunctionsTest.php:67

14) Fian\Functions\FunctionsTest::testGetCurrentUrl
Undefined index: REQUEST_SCHEME

C:\Users\Orkanen\dbwebb-kurser\mvc\me\game1\src\functions.php:171
C:\Users\Orkanen\dbwebb-kurser\mvc\me\game1\test\Function\FunctionsTest.php:78

15) Fian\Functions\FunctionsTest::testDestroySession
PHPUnit\Framework\Exception: PHP Fatal error:  Uncaught TypeError: rawurldecode() expects parameter 1 to be string, null given in C:\Users\Orkanen\dbwebb-kurser\mvc\me\game1\src\functions.php:181
Stack trace:
#0 C:\Users\Orkanen\dbwebb-kurser\mvc\me\game1\src\functions.php(181): rawurldecode(NULL)
#1 C:\Users\Orkanen\dbwebb-kurser\mvc\me\game1\src\functions.php(150): Fian\Functions\getCurrentUrl()
#2 C:\Users\Orkanen\dbwebb-kurser\mvc\me\game1\src\functions.php(128): Fian\Functions\getBaseUrl()
#3 C:\Users\Orkanen\dbwebb-kurser\mvc\me\game1\view\header.php(16): Fian\Functions\url('/favicon.ico')
#4 C:\Users\Orkanen\dbwebb-kurser\mvc\me\game1\view\layout\debug.php(9): require('C:\\Users\\Orkane...')
#5 C:\cygwin64\tmp\PHPA1B6.tmp(479): require_once('C:\\Users\\Orkane...')
#6 {main}
  thrown in C:\Users\Orkanen\dbwebb-kurser\mvc\me\game1\src\functions.php on line 181

ERRORS!
Tests: 32, Assertions: 44, Errors: 15.

Generating code coverage report in Clover XML format ... done [00:00.083]

Generating code coverage report in HTML format ... done [00:00.166]
